------------------------------------------------------------------------------------
Date: 3/24/2025 -- 20:52:59 (uptime: 0d, 00h 00m 00s)
------------------------------------------------------------------------------------
Counter                                       | TM Name                   | Value
------------------------------------------------------------------------------------
tcp.memuse                                    | Total                     | 2424832
tcp.reassembly_memuse                         | Total                     | 458752
flow.memuse                                   | Total                     | 7154304
------------------------------------------------------------------------------------
Date: 3/24/2025 -- 21:50:12 (uptime: 0d, 00h 00m 01s)
------------------------------------------------------------------------------------
Counter                                       | TM Name                   | Value
------------------------------------------------------------------------------------
tcp.memuse                                    | Total                     | 2424832
tcp.reassembly_memuse                         | Total                     | 458752
flow.memuse                                   | Total                     | 7154304
------------------------------------------------------------------------------------
Date: 3/24/2025 -- 22:34:08 (uptime: 0d, 00h 00m 00s)
------------------------------------------------------------------------------------
Counter                                       | TM Name                   | Value
------------------------------------------------------------------------------------
tcp.memuse                                    | Total                     | 2424832
tcp.reassembly_memuse                         | Total                     | 458752
flow.memuse                                   | Total                     | 7154304
------------------------------------------------------------------------------------
Date: 3/25/2025 -- 09:32:05 (uptime: 0d, 00h 00m 00s)
------------------------------------------------------------------------------------
Counter                                       | TM Name                   | Value
------------------------------------------------------------------------------------
tcp.memuse                                    | Total                     | 2424832
tcp.reassembly_memuse                         | Total                     | 458752
flow.memuse                                   | Total                     | 7154304
------------------------------------------------------------------------------------
Date: 3/25/2025 -- 09:44:58 (uptime: 0d, 00h 00m 01s)
------------------------------------------------------------------------------------
Counter                                       | TM Name                   | Value
------------------------------------------------------------------------------------
tcp.memuse                                    | Total                     | 2424832
tcp.reassembly_memuse                         | Total                     | 458752
flow.memuse                                   | Total                     | 7154304
------------------------------------------------------------------------------------
Date: 3/25/2025 -- 11:01:51 (uptime: 0d, 00h 00m 00s)
------------------------------------------------------------------------------------
Counter                                       | TM Name                   | Value
------------------------------------------------------------------------------------
tcp.memuse                                    | Total                     | 2424832
tcp.reassembly_memuse                         | Total                     | 458752
flow.memuse                                   | Total                     | 7154304
------------------------------------------------------------------------------------
Date: 3/25/2025 -- 11:27:28 (uptime: 0d, 00h 00m 00s)
------------------------------------------------------------------------------------
Counter                                       | TM Name                   | Value
------------------------------------------------------------------------------------
tcp.memuse                                    | Total                     | 2424832
tcp.reassembly_memuse                         | Total                     | 458752
flow.memuse                                   | Total                     | 7154304
------------------------------------------------------------------------------------
Date: 3/25/2025 -- 11:41:36 (uptime: 0d, 00h 00m 00s)
------------------------------------------------------------------------------------
Counter                                       | TM Name                   | Value
------------------------------------------------------------------------------------
tcp.memuse                                    | Total                     | 2424832
tcp.reassembly_memuse                         | Total                     | 458752
flow.memuse                                   | Total                     | 7154304
